<?xml version="1.0" encoding="UTF-8"?>
<testsuite xmlns:xsi="http://www.w3.org/2001/XMLSchema-instance" xsi:noNamespaceSchemaLocation="https://maven.apache.org/surefire/maven-surefire-plugin/xsd/surefire-test-report.xsd" name="io.my.restdocs.MailRestdocsTest" time="8.57" tests="1" errors="1" skipped="0" failures="0">
  <properties>
[...]
</properties>
  <testcase name="sendCode" classname="io.my.restdocs.MailRestdocsTest" time="0.584">
    <error type="java.lang.NullPointerException">java.lang.NullPointerException
	at io.my.restdocs.MailRestdocsTest.sendCode(MailRestdocsTest.java:28)
</error>
    <system-out><![CDATA[17:14:01.240 [main] DEBUG org.springframework.test.context.BootstrapUtils - Instantiating CacheAwareContextLoaderDelegate from class [org.springframework.test.context.cache.DefaultCacheAwareContextLoaderDelegate]
17:14:01.278 [main] DEBUG org.springframework.test.context.BootstrapUtils - Instantiating BootstrapContext using constructor [public org.springframework.test.context.support.DefaultBootstrapContext(java.lang.Class,org.springframework.test.context.CacheAwareContextLoaderDelegate)]
17:14:01.447 [main] DEBUG org.springframework.test.context.BootstrapUtils - Instantiating TestContextBootstrapper for test class [io.my.restdocs.MailRestdocsTest] from class [org.springframework.boot.test.context.SpringBootTestContextBootstrapper]
17:14:01.470 [main] INFO org.springframework.boot.test.context.SpringBootTestContextBootstrapper - Neither @ContextConfiguration nor @ContextHierarchy found for test class [io.my.restdocs.MailRestdocsTest], using SpringBootContextLoader
17:14:01.481 [main] DEBUG org.springframework.test.context.support.AbstractContextLoader - Did not detect default resource location for test class [io.my.restdocs.MailRestdocsTest]: class path resource [io/my/restdocs/MailRestdocsTest-context.xml] does not exist
17:14:01.482 [main] DEBUG org.springframework.test.context.support.AbstractContextLoader - Did not detect default resource location for test class [io.my.restdocs.MailRestdocsTest]: class path resource [io/my/restdocs/MailRestdocsTestContext.groovy] does not exist
17:14:01.484 [main] INFO org.springframework.test.context.support.AbstractContextLoader - Could not detect default resource locations for test class [io.my.restdocs.MailRestdocsTest]: no resource found for suffixes {-context.xml, Context.groovy}.
17:14:01.487 [main] INFO org.springframework.test.context.support.AnnotationConfigContextLoaderUtils - Could not detect default configuration classes for test class [io.my.restdocs.MailRestdocsTest]: MailRestdocsTest does not declare any static, non-private, non-final, nested classes annotated with @Configuration.
17:14:01.639 [main] DEBUG org.springframework.test.context.support.ActiveProfilesUtils - Could not find an 'annotation declaring class' for annotation type [org.springframework.test.context.ActiveProfiles] and class [io.my.restdocs.MailRestdocsTest]
17:14:01.795 [main] DEBUG org.springframework.context.annotation.ClassPathScanningCandidateComponentProvider - Identified candidate component class: file [/Users/mysend/workspace/alarm/user/target/classes/io/my/MyArchetypeApplication.class]
17:14:01.797 [main] INFO org.springframework.boot.test.context.SpringBootTestContextBootstrapper - Found @SpringBootConfiguration io.my.MyArchetypeApplication for test class io.my.restdocs.MailRestdocsTest
17:14:01.954 [main] DEBUG org.springframework.boot.test.context.SpringBootTestContextBootstrapper - @TestExecutionListeners is not present for class [io.my.restdocs.MailRestdocsTest]: using defaults.
17:14:01.954 [main] INFO org.springframework.boot.test.context.SpringBootTestContextBootstrapper - Loaded default TestExecutionListener class names from location [META-INF/spring.factories]: [org.springframework.test.context.web.ServletTestExecutionListener, org.springframework.test.context.support.DirtiesContextBeforeModesTestExecutionListener, org.springframework.test.context.event.ApplicationEventsTestExecutionListener, org.springframework.test.context.support.DependencyInjectionTestExecutionListener, org.springframework.test.context.support.DirtiesContextTestExecutionListener, org.springframework.test.context.transaction.TransactionalTestExecutionListener, org.springframework.test.context.jdbc.SqlScriptsTestExecutionListener, org.springframework.test.context.event.EventPublishingTestExecutionListener, org.springframework.boot.test.mock.mockito.MockitoTestExecutionListener, org.springframework.boot.test.mock.mockito.ResetMocksTestExecutionListener, org.springframework.boot.test.autoconfigure.restdocs.RestDocsTestExecutionListener, org.springframework.boot.test.autoconfigure.web.client.MockRestServiceServerResetTestExecutionListener, org.springframework.boot.test.autoconfigure.web.servlet.MockMvcPrintOnlyOnFailureTestExecutionListener, org.springframework.boot.test.autoconfigure.web.servlet.WebDriverTestExecutionListener, org.springframework.boot.test.autoconfigure.webservices.client.MockWebServiceServerTestExecutionListener]
17:14:01.968 [main] DEBUG org.springframework.boot.test.context.SpringBootTestContextBootstrapper - Skipping candidate TestExecutionListener [org.springframework.test.context.web.ServletTestExecutionListener] due to a missing dependency. Specify custom listener classes or make the default listener classes and their required dependencies available. Offending class: [javax/servlet/ServletContext]
17:14:01.984 [main] INFO org.springframework.boot.test.context.SpringBootTestContextBootstrapper - Using TestExecutionListeners: [org.springframework.test.context.support.DirtiesContextBeforeModesTestExecutionListener@771158fb, org.springframework.test.context.event.ApplicationEventsTestExecutionListener@91c4a3f, org.springframework.boot.test.mock.mockito.MockitoTestExecutionListener@62d0ac62, org.springframework.boot.test.autoconfigure.SpringBootDependencyInjectionTestExecutionListener@150d80c4, org.springframework.test.context.support.DirtiesContextTestExecutionListener@6826c41e, org.springframework.test.context.transaction.TransactionalTestExecutionListener@3003697, org.springframework.test.context.jdbc.SqlScriptsTestExecutionListener@64d43929, org.springframework.test.context.event.EventPublishingTestExecutionListener@1d269ed7, org.springframework.boot.test.mock.mockito.ResetMocksTestExecutionListener@437ebf59, org.springframework.boot.test.autoconfigure.restdocs.RestDocsTestExecutionListener@41c89d2f, org.springframework.boot.test.autoconfigure.web.client.MockRestServiceServerResetTestExecutionListener@410e94e, org.springframework.boot.test.autoconfigure.web.servlet.MockMvcPrintOnlyOnFailureTestExecutionListener@2d691f3d, org.springframework.boot.test.autoconfigure.web.servlet.WebDriverTestExecutionListener@1bdbf9be, org.springframework.boot.test.autoconfigure.webservices.client.MockWebServiceServerTestExecutionListener@1e7f2e0f]
17:14:01.991 [main] DEBUG org.springframework.test.context.support.AbstractDirtiesContextTestExecutionListener - Before test class: context [DefaultTestContext@503fbbc6 testClass = MailRestdocsTest, testInstance = [null], testMethod = [null], testException = [null], mergedContextConfiguration = [ReactiveWebMergedContextConfiguration@55f45b92 testClass = MailRestdocsTest, locations = '{}', classes = '{class io.my.MyArchetypeApplication}', contextInitializerClasses = '[]', activeProfiles = '{}', propertySourceLocations = '{}', propertySourceProperties = '{org.springframework.boot.test.context.SpringBootTestContextBootstrapper=true}', contextCustomizers = set[org.springframework.boot.test.context.filter.ExcludeFilterContextCustomizer@165b8a71, org.springframework.boot.test.json.DuplicateJsonObjectContextCustomizerFactory$DuplicateJsonObjectContextCustomizer@756cf158, org.springframework.boot.test.mock.mockito.MockitoContextCustomizer@0, org.springframework.boot.test.web.client.TestRestTemplateContextCustomizer@6ffab045, org.springframework.boot.test.web.reactive.server.WebTestClientContextCustomizer@5ac86ba5, org.springframework.boot.test.autoconfigure.actuate.metrics.MetricsExportContextCustomizerFactory$DisableMetricExportContextCustomizer@2d10e0b1, org.springframework.boot.test.autoconfigure.properties.PropertyMappingContextCustomizer@0, org.springframework.boot.test.autoconfigure.web.servlet.WebDriverContextCustomizerFactory$Customizer@5f3b9c57, org.springframework.boot.test.context.SpringBootTestArgs@1, org.springframework.boot.test.context.SpringBootTestWebEnvironment@1fa121e2], contextLoader = 'org.springframework.boot.test.context.SpringBootContextLoader', parent = [null]], attributes = map[[empty]]], class annotated with @DirtiesContext [false] with mode [null].
17:14:02.009 [main] DEBUG org.springframework.test.context.support.DependencyInjectionTestExecutionListener - Performing dependency injection for test context [[DefaultTestContext@503fbbc6 testClass = MailRestdocsTest, testInstance = io.my.restdocs.MailRestdocsTest@4e6d7365, testMethod = [null], testException = [null], mergedContextConfiguration = [ReactiveWebMergedContextConfiguration@55f45b92 testClass = MailRestdocsTest, locations = '{}', classes = '{class io.my.MyArchetypeApplication}', contextInitializerClasses = '[]', activeProfiles = '{}', propertySourceLocations = '{}', propertySourceProperties = '{org.springframework.boot.test.context.SpringBootTestContextBootstrapper=true}', contextCustomizers = set[org.springframework.boot.test.context.filter.ExcludeFilterContextCustomizer@165b8a71, org.springframework.boot.test.json.DuplicateJsonObjectContextCustomizerFactory$DuplicateJsonObjectContextCustomizer@756cf158, org.springframework.boot.test.mock.mockito.MockitoContextCustomizer@0, org.springframework.boot.test.web.client.TestRestTemplateContextCustomizer@6ffab045, org.springframework.boot.test.web.reactive.server.WebTestClientContextCustomizer@5ac86ba5, org.springframework.boot.test.autoconfigure.actuate.metrics.MetricsExportContextCustomizerFactory$DisableMetricExportContextCustomizer@2d10e0b1, org.springframework.boot.test.autoconfigure.properties.PropertyMappingContextCustomizer@0, org.springframework.boot.test.autoconfigure.web.servlet.WebDriverContextCustomizerFactory$Customizer@5f3b9c57, org.springframework.boot.test.context.SpringBootTestArgs@1, org.springframework.boot.test.context.SpringBootTestWebEnvironment@1fa121e2], contextLoader = 'org.springframework.boot.test.context.SpringBootContextLoader', parent = [null]], attributes = map['org.springframework.test.context.event.ApplicationEventsTestExecutionListener.recordApplicationEvents' -> false]]].

  .   ____          _            __ _ _
 /\\ / ___'_ __ _ _(_)_ __  __ _ \ \ \ \
( ( )\___ | '_ | '_| | '_ \/ _` | \ \ \ \
 \\/  ___)| |_)| | | | | || (_| |  ) ) ) )
  '  |____| .__|_| |_|_| |_\__, | / / / /
 =========|_|==============|___/=/_/_/_/
 :: Spring Boot ::                (v2.6.3)

2110 [main] INFO  io.my.restdocs.MailRestdocsTest - Starting MailRestdocsTest using Java 11.0.11 on gimboseong-ui-MacBookPro.local with PID 17340 (started by mysend in /Users/mysend/workspace/alarm/user) 
2112 [main] INFO  io.my.restdocs.MailRestdocsTest - No active profile set, falling back to default profiles: default 
3629 [main] INFO  o.s.d.r.c.RepositoryConfigurationDelegate - Bootstrapping Spring Data R2DBC repositories in DEFAULT mode. 
3917 [main] INFO  o.s.d.r.c.RepositoryConfigurationDelegate - Finished Spring Data repository scanning in 280 ms. Found 1 R2DBC repository interfaces. 
7932 [main] INFO  io.my.restdocs.MailRestdocsTest - Started MailRestdocsTest in 6.867 seconds (JVM running for 10.152) 
]]></system-out>
  </testcase>
</testsuite>